<?xml version="1.0" encoding="UTF-8"?>
<testng-results ignored="0" total="2" passed="2" failed="0" skipped="0">
  <reporter-output>
  </reporter-output>
  <suite started-at="2025-08-17T14:52:14 IST" name="MasterSuite" finished-at="2025-08-17T14:52:51 IST" duration-ms="37012">
    <groups>
      <group name="Master">
        <method signature="TC_001_Accountregistrationtest.Registrationpagetest()[pri:0, instance:testCases.TC_001_Accountregistrationtest@6f96c77]" name="Registrationpagetest" class="testCases.TC_001_Accountregistrationtest"/>
        <method signature="TC_002_LoginTest.VerifyLogin_page()[pri:0, instance:testCases.TC_002_LoginTest@3d680b5a]" name="VerifyLogin_page" class="testCases.TC_002_LoginTest"/>
      </group> <!-- Master -->
      <group name="Sanity">
        <method signature="TC_002_LoginTest.VerifyLogin_page()[pri:0, instance:testCases.TC_002_LoginTest@3d680b5a]" name="VerifyLogin_page" class="testCases.TC_002_LoginTest"/>
      </group> <!-- Sanity -->
      <group name="Regression">
        <method signature="TC_001_Accountregistrationtest.Registrationpagetest()[pri:0, instance:testCases.TC_001_Accountregistrationtest@6f96c77]" name="Registrationpagetest" class="testCases.TC_001_Accountregistrationtest"/>
      </group> <!-- Regression -->
    </groups>
    <test started-at="2025-08-17T14:52:14 IST" name="Test" finished-at="2025-08-17T14:52:51 IST" duration-ms="37012">
      <class name="testCases.TC_002_LoginTest">
        <test-method is-config="true" signature="setup(java.lang.String,java.lang.String)[pri:0, instance:testCases.TC_002_LoginTest@3d680b5a]" started-at="2025-08-17T14:52:33 IST" name="setup" finished-at="2025-08-17T14:52:45 IST" duration-ms="12105" status="PASS">
          <params>
            <param index="0">
              <value>
                <![CDATA[windows]]>
              </value>
            </param>
            <param index="1">
              <value>
                <![CDATA[firefox]]>
              </value>
            </param>
          </params>
          <reporter-output>
          </reporter-output>
        </test-method> <!-- setup -->
        <test-method signature="VerifyLogin_page()[pri:0, instance:testCases.TC_002_LoginTest@3d680b5a]" started-at="2025-08-17T14:52:45 IST" name="VerifyLogin_page" finished-at="2025-08-17T14:52:47 IST" duration-ms="1786" status="PASS">
          <reporter-output>
          </reporter-output>
        </test-method> <!-- VerifyLogin_page -->
        <test-method is-config="true" signature="teardown()[pri:0, instance:testCases.TC_002_LoginTest@3d680b5a]" started-at="2025-08-17T14:52:47 IST" name="teardown" finished-at="2025-08-17T14:52:51 IST" duration-ms="3356" status="PASS">
          <reporter-output>
          </reporter-output>
        </test-method> <!-- teardown -->
      </class> <!-- testCases.TC_002_LoginTest -->
      <class name="testCases.TC_001_Accountregistrationtest">
        <test-method is-config="true" signature="setup(java.lang.String,java.lang.String)[pri:0, instance:testCases.TC_001_Accountregistrationtest@6f96c77]" started-at="2025-08-17T14:52:14 IST" name="setup" finished-at="2025-08-17T14:52:29 IST" duration-ms="14820" status="PASS">
          <params>
            <param index="0">
              <value>
                <![CDATA[windows]]>
              </value>
            </param>
            <param index="1">
              <value>
                <![CDATA[firefox]]>
              </value>
            </param>
          </params>
          <reporter-output>
          </reporter-output>
        </test-method> <!-- setup -->
        <test-method signature="Registrationpagetest()[pri:0, instance:testCases.TC_001_Accountregistrationtest@6f96c77]" started-at="2025-08-17T14:52:29 IST" name="Registrationpagetest" finished-at="2025-08-17T14:52:31 IST" duration-ms="1926" status="PASS">
          <reporter-output>
          </reporter-output>
        </test-method> <!-- Registrationpagetest -->
        <test-method is-config="true" signature="teardown()[pri:0, instance:testCases.TC_001_Accountregistrationtest@6f96c77]" started-at="2025-08-17T14:52:31 IST" name="teardown" finished-at="2025-08-17T14:52:33 IST" duration-ms="2710" status="PASS">
          <reporter-output>
          </reporter-output>
        </test-method> <!-- teardown -->
      </class> <!-- testCases.TC_001_Accountregistrationtest -->
    </test> <!-- Test -->
  </suite> <!-- MasterSuite -->
</testng-results>
