<?xml version="1.0" encoding="UTF-8"?>
<testng-results ignored="0" total="3" passed="3" failed="0" skipped="0">
  <reporter-output>
  </reporter-output>
  <suite started-at="2025-08-14T22:14:01 IST" name="MasterSuite" finished-at="2025-08-14T22:16:34 IST" duration-ms="152568">
    <groups>
      <group name="Master">
        <method signature="TC_002_LoginTest.VerifyLogin_page()[pri:0, instance:testCases.TC_002_LoginTest@2f8dad04]" name="VerifyLogin_page" class="testCases.TC_002_LoginTest"/>
        <method signature="TC_001_Accountregistrationtest.Registrationpagetest()[pri:0, instance:testCases.TC_001_Accountregistrationtest@2053d869]" name="Registrationpagetest" class="testCases.TC_001_Accountregistrationtest"/>
        <method signature="TC_002_LoginTest.VerifyLogin_page()[pri:0, instance:testCases.TC_002_LoginTest@7a419da4]" name="VerifyLogin_page" class="testCases.TC_002_LoginTest"/>
      </group> <!-- Master -->
      <group name="Sanity">
        <method signature="TC_002_LoginTest.VerifyLogin_page()[pri:0, instance:testCases.TC_002_LoginTest@2f8dad04]" name="VerifyLogin_page" class="testCases.TC_002_LoginTest"/>
        <method signature="TC_002_LoginTest.VerifyLogin_page()[pri:0, instance:testCases.TC_002_LoginTest@7a419da4]" name="VerifyLogin_page" class="testCases.TC_002_LoginTest"/>
      </group> <!-- Sanity -->
      <group name="Regression">
        <method signature="TC_001_Accountregistrationtest.Registrationpagetest()[pri:0, instance:testCases.TC_001_Accountregistrationtest@2053d869]" name="Registrationpagetest" class="testCases.TC_001_Accountregistrationtest"/>
      </group> <!-- Regression -->
    </groups>
    <test started-at="2025-08-14T22:14:01 IST" name="Linux-chrome" finished-at="2025-08-14T22:14:11 IST" duration-ms="9613">
      <class name="testCases.TC_002_LoginTest">
        <test-method is-config="true" signature="setup(java.lang.String,java.lang.String)[pri:0, instance:testCases.TC_002_LoginTest@2f8dad04]" started-at="2025-08-14T22:14:02 IST" name="setup" finished-at="2025-08-14T22:14:08 IST" duration-ms="6740" status="PASS">
          <params>
            <param index="0">
              <value>
                <![CDATA[Linux]]>
              </value>
            </param>
            <param index="1">
              <value>
                <![CDATA[chrome]]>
              </value>
            </param>
          </params>
          <reporter-output>
          </reporter-output>
        </test-method> <!-- setup -->
        <test-method signature="VerifyLogin_page()[pri:0, instance:testCases.TC_002_LoginTest@2f8dad04]" started-at="2025-08-14T22:14:08 IST" name="VerifyLogin_page" finished-at="2025-08-14T22:14:11 IST" duration-ms="2298" status="PASS">
          <reporter-output>
          </reporter-output>
        </test-method> <!-- VerifyLogin_page -->
        <test-method is-config="true" signature="teardown()[pri:0, instance:testCases.TC_002_LoginTest@2f8dad04]" started-at="2025-08-14T22:14:11 IST" name="teardown" finished-at="2025-08-14T22:14:11 IST" duration-ms="224" status="PASS">
          <reporter-output>
          </reporter-output>
        </test-method> <!-- teardown -->
      </class> <!-- testCases.TC_002_LoginTest -->
    </test> <!-- Linux-chrome -->
    <test started-at="2025-08-14T22:14:12 IST" name="Linux-firefox" finished-at="2025-08-14T22:16:34 IST" duration-ms="142115">
      <class name="testCases.TC_002_LoginTest">
        <test-method is-config="true" signature="setup(java.lang.String,java.lang.String)[pri:0, instance:testCases.TC_002_LoginTest@7a419da4]" started-at="2025-08-14T22:15:52 IST" name="setup" finished-at="2025-08-14T22:16:27 IST" duration-ms="35560" status="PASS">
          <params>
            <param index="0">
              <value>
                <![CDATA[Linux]]>
              </value>
            </param>
            <param index="1">
              <value>
                <![CDATA[firefox]]>
              </value>
            </param>
          </params>
          <reporter-output>
          </reporter-output>
        </test-method> <!-- setup -->
        <test-method signature="VerifyLogin_page()[pri:0, instance:testCases.TC_002_LoginTest@7a419da4]" started-at="2025-08-14T22:16:27 IST" name="VerifyLogin_page" finished-at="2025-08-14T22:16:31 IST" duration-ms="3301" status="PASS">
          <reporter-output>
          </reporter-output>
        </test-method> <!-- VerifyLogin_page -->
        <test-method is-config="true" signature="teardown()[pri:0, instance:testCases.TC_002_LoginTest@7a419da4]" started-at="2025-08-14T22:16:31 IST" name="teardown" finished-at="2025-08-14T22:16:34 IST" duration-ms="3443" status="PASS">
          <reporter-output>
          </reporter-output>
        </test-method> <!-- teardown -->
      </class> <!-- testCases.TC_002_LoginTest -->
      <class name="testCases.TC_001_Accountregistrationtest">
        <test-method is-config="true" signature="setup(java.lang.String,java.lang.String)[pri:0, instance:testCases.TC_001_Accountregistrationtest@2053d869]" started-at="2025-08-14T22:14:12 IST" name="setup" finished-at="2025-08-14T22:15:42 IST" duration-ms="90048" status="PASS">
          <params>
            <param index="0">
              <value>
                <![CDATA[Linux]]>
              </value>
            </param>
            <param index="1">
              <value>
                <![CDATA[firefox]]>
              </value>
            </param>
          </params>
          <reporter-output>
          </reporter-output>
        </test-method> <!-- setup -->
        <test-method signature="Registrationpagetest()[pri:0, instance:testCases.TC_001_Accountregistrationtest@2053d869]" started-at="2025-08-14T22:15:42 IST" name="Registrationpagetest" finished-at="2025-08-14T22:15:47 IST" duration-ms="5093" status="PASS">
          <reporter-output>
          </reporter-output>
        </test-method> <!-- Registrationpagetest -->
        <test-method is-config="true" signature="teardown()[pri:0, instance:testCases.TC_001_Accountregistrationtest@2053d869]" started-at="2025-08-14T22:15:47 IST" name="teardown" finished-at="2025-08-14T22:15:52 IST" duration-ms="4657" status="PASS">
          <reporter-output>
          </reporter-output>
        </test-method> <!-- teardown -->
      </class> <!-- testCases.TC_001_Accountregistrationtest -->
    </test> <!-- Linux-firefox -->
  </suite> <!-- MasterSuite -->
</testng-results>
